빌드 시작: 2016-05-16 오후 4:35:08
     1>2 노드의 "C:\Users\U209_PC38\Desktop\CPPClass\git_Project\CPPClass\Operation\Operation.vcxproj" 프로젝트(Build 대상)입니다.
     1>ClCompile:
         C:\Program Files (x86)\Microsoft Visual Studio 12.0\VC\bin\CL.exe /c /ZI /nologo /W3 /WX- /sdl /Od /Oy- /D WIN32 /D _DEBUG /D _CONSOLE /D _LIB /D _UNICODE /D UNICODE /Gm /EHsc /RTC1 /MDd /GS /fp:precise /Zc:wchar_t /Zc:forScope /Fo"Debug\\" /Fd"Debug\vc120.pdb" /Gd /TP /analyze- /errorReport:prompt Point.cpp main.cpp
         main.cpp
     1>c:\users\u209_pc38\desktop\cppclass\git_project\cppclass\operation\point.h(13): warning C4172: 지역 변수 또는 임시 변수의 주소를 반환하고 있습니다.
     1>c:\users\u209_pc38\desktop\cppclass\git_project\cppclass\operation\point.h(16): warning C4172: 지역 변수 또는 임시 변수의 주소를 반환하고 있습니다.
     1>c:\users\u209_pc38\desktop\cppclass\git_project\cppclass\operation\point.h(22): warning C4172: 지역 변수 또는 임시 변수의 주소를 반환하고 있습니다.
     1>c:\users\u209_pc38\desktop\cppclass\git_project\cppclass\operation\main.cpp(8): warning C4172: 지역 변수 또는 임시 변수의 주소를 반환하고 있습니다.
     1>c:\users\u209_pc38\desktop\cppclass\git_project\cppclass\operation\main.cpp(53): warning C4620: 'Point' 형식에 대한 'operator ++' 후위 형식이 없으므로 전위 형식이 사용됩니다.
                 c:\users\u209_pc38\desktop\cppclass\git_project\cppclass\operation\point.h(5) : 'Point' 선언을 참조하십시오.
         코드를 생성하고 있습니다...
         컴파일하고 있습니다...
         Point.cpp
     1>c:\users\u209_pc38\desktop\cppclass\git_project\cppclass\operation\point.h(13): warning C4172: 지역 변수 또는 임시 변수의 주소를 반환하고 있습니다.
     1>c:\users\u209_pc38\desktop\cppclass\git_project\cppclass\operation\point.h(16): warning C4172: 지역 변수 또는 임시 변수의 주소를 반환하고 있습니다.
     1>c:\users\u209_pc38\desktop\cppclass\git_project\cppclass\operation\point.h(22): warning C4172: 지역 변수 또는 임시 변수의 주소를 반환하고 있습니다.
         코드를 생성하고 있습니다...
       Link:
         C:\Program Files (x86)\Microsoft Visual Studio 12.0\VC\bin\link.exe /ERRORREPORT:PROMPT /OUT:"C:\Users\U209_PC38\Desktop\CPPClass\git_Project\CPPClass\Debug\Operation.exe" /INCREMENTAL /NOLOGO kernel32.lib user32.lib gdi32.lib winspool.lib comdlg32.lib advapi32.lib shell32.lib ole32.lib oleaut32.lib uuid.lib odbc32.lib odbccp32.lib /MANIFEST /MANIFESTUAC:"level='asInvoker' uiAccess='false'" /manifest:embed /DEBUG /PDB:"C:\Users\U209_PC38\Desktop\CPPClass\git_Project\CPPClass\Debug\Operation.pdb" /SUBSYSTEM:CONSOLE /TLBID:1 /DYNAMICBASE /NXCOMPAT /IMPLIB:"C:\Users\U209_PC38\Desktop\CPPClass\git_Project\CPPClass\Debug\Operation.lib" /MACHINE:X86 Debug\main.obj
         Debug\Point.obj
         Operation.vcxproj -> C:\Users\U209_PC38\Desktop\CPPClass\git_Project\CPPClass\Debug\Operation.exe
     1>"C:\Users\U209_PC38\Desktop\CPPClass\git_Project\CPPClass\Operation\Operation.vcxproj" 프로젝트를 빌드했습니다(Build 대상).

빌드했습니다.

경과 시간: 00:00:00.90
